[35m[Appium][39m Welcome to Appium v1.22.3
[35m[Appium][39m Non-default server args:
[35m[Appium][39m   port: 64224
[35m[Appium][39m   tmpDir: C:\Users\user\AppData\Local\Temp\\Katalon\Appium\Temp1697416901328
[35m[Appium][39m   chromedriverPort: 64225
[35m[Appium][39m Deprecated server args:
[35m[Appium][39m   [31m--chromedriver-port[39m => --default-capabilities
[35m[Appium][39m Default capabilities, which will be added to each request unless overridden by desired capabilities:
[35m[Appium][39m   chromedriverPort: 64225
[35m[Appium][39m Appium REST http interface listener started on 0.0.0.0:64224
[35m[HTTP][39m [37m-->[39m [37mGET[39m [37m/wd/hub/status[39m
[35m[HTTP][39m [90m{}[39m
[debug] [35m[GENERIC][39m Calling AppiumDriver.getStatus() with args: []
[debug] [35m[GENERIC][39m Responding to client with driver.getStatus() result: {"build":{"version":"1.22.3"}}
[35m[HTTP][39m [37m<-- GET /wd/hub/status [39m[32m200[39m [90m14 ms - 68[39m
[35m[HTTP][39m [90m[39m
[35m[HTTP][39m [37m-->[39m [37mGET[39m [37m/wd/hub/status[39m
[35m[HTTP][39m [90m{}[39m
[debug] [35m[GENERIC][39m Calling AppiumDriver.getStatus() with args: []
[debug] [35m[GENERIC][39m Responding to client with driver.getStatus() result: {"build":{"version":"1.22.3"}}
[35m[HTTP][39m [37m<-- GET /wd/hub/status [39m[32m200[39m [90m3 ms - 68[39m
[35m[HTTP][39m [90m[39m
[35m[HTTP][39m [37m-->[39m [37mPOST[39m [37m/wd/hub/session[39m
[35m[HTTP][39m [90m{"desiredCapabilities":{"app":"C:\\Users\\user\\Katalon Studio\\EduApp\\AndroidApp\\Advantagedemo3.2.apk","noReset":true,"deviceName":"realme RMX2103 (Android 11)","fullReset":false,"platform":"ANDROID","newCommandTimeout":1800,"platformVersion":"11","automationName":"uiautomator2","autoGrantPermissions":true,"platformName":"Android","udid":"3a6958a2","systemPort":64235},"capabilities":{"firstMatch":[{"appium:app":"C:\\Users\\user\\Katalon Studio\\EduApp\\AndroidApp\\Advantagedemo3.2.apk","appium:autoGrantPermissions":true,"appium:automationName":"uiautomator2","appium:deviceName":"realme RMX2103 (Android 11)","appium:fullReset":false,"appium:newCommandTimeout":1800,"appium:noReset":true,"platform":"ANDROID","platformName":"android","appium:platformVersion":"11","appium:systemPort":64235,"appium:udid":"3a6958a2"}]}}[39m
[debug] [35m[W3C][39m Calling AppiumDriver.createSession() with args: [{"app":"C:\\Users\\user\\Katalon Studio\\EduApp\\AndroidApp\\Advantagedemo3.2.apk","noReset":true,"deviceName":"realme RMX2103 (Android 11)","fullReset":false,"platform":"ANDROID","newCommandTimeout":1800,"platformVersion":"11","automationName":"uiautomator2","autoGrantPermissions":true,"platformName":"Android","udid":"3a6958a2","systemPort":64235},null,{"firstMatch":[{"appium:app":"C:\\Users\\user\\Katalon Studio\\EduApp\\AndroidApp\\Advantagedemo3.2.apk","appium:autoGrantPermissions":true,"appium:automationName":"uiautomator2","appium:deviceName":"realme RMX2103 (Android 11)","appium:fullReset":false,"appium:newCommandTimeout":1800,"appium:noReset":true,"platform":"ANDROID","platformName":"android","appium:platformVersion":"11","appium:systemPort":64235,"appium:udid":"3a6958a2"}]}]
[debug] [35m[BaseDriver][39m Event 'newSessionRequested' logged at 1697416907279 (07:41:47 GMT+0700 (Western Indonesia Time))
[35m[BaseDriver][39m The following capabilities are not standard capabilities and should have an extension prefix:
[35m[BaseDriver][39m   platform
[35m[BaseDriver][39m   chromedriverPort
[35m[Appium][39m Appium v1.22.3 creating new AndroidUiautomator2Driver (v1.70.1) session
[debug] [35m[BaseDriver][39m W3C capabilities and MJSONWP desired capabilities were provided
[debug] [35m[BaseDriver][39m Creating session with W3C capabilities: {
[debug] [35m[BaseDriver][39m   "alwaysMatch": {
[debug] [35m[BaseDriver][39m     "appium:platform": "ANDROID",
[debug] [35m[BaseDriver][39m     "platformName": "android",
[debug] [35m[BaseDriver][39m     "appium:chromedriverPort": 64225,
[debug] [35m[BaseDriver][39m     "appium:app": "C:\\Users\\user\\Katalon Studio\\EduApp\\AndroidApp\\Advantagedemo3.2.apk",
[debug] [35m[BaseDriver][39m     "appium:autoGrantPermissions": true,
[debug] [35m[BaseDriver][39m     "appium:automationName": "uiautomator2",
[debug] [35m[BaseDriver][39m     "appium:deviceName": "realme RMX2103 (Android 11)",
[debug] [35m[BaseDriver][39m     "appium:fullReset": false,
[debug] [35m[BaseDriver][39m     "appium:newCommandTimeout": 1800,
[debug] [35m[BaseDriver][39m     "appium:noReset": true,
[debug] [35m[BaseDriver][39m     "appium:platformVersion": "11",
[debug] [35m[BaseDriver][39m     "appium:systemPort": 64235,
[debug] [35m[BaseDriver][39m     "appium:udid": "3a6958a2"
[debug] [35m[BaseDriver][39m   },
[debug] [35m[BaseDriver][39m   "firstMatch": [
[debug] [35m[BaseDriver][39m     {}
[debug] [35m[BaseDriver][39m   ]
[debug] [35m[BaseDriver][39m }
[35m[BaseDriver][39m The following capabilities were provided, but are not recognized by Appium:
[35m[BaseDriver][39m   platform
[35m[BaseDriver][39m Session created with session id: 6d6b64d1-4071-4898-b80f-80f27464f419
[35m[BaseDriver][39m Using local app 'C:\Users\user\Katalon Studio\EduApp\AndroidApp\Advantagedemo3.2.apk'
[debug] [35m[UiAutomator2][39m Checking whether app is actually present
[35m[ADB][39m Found 1 'build-tools' folders under 'C:\Users\user\.katalon\tools\android_sdk' (newest first):
[35m[ADB][39m     C:/Users/user/.katalon/tools/android_sdk/build-tools/29.0.3
[35m[ADB][39m Using 'adb.exe' from 'C:\Users\user\.katalon\tools\android_sdk\platform-tools\adb.exe'
[debug] [35m[ADB][39m Running 'C:\Users\user\.katalon\tools\android_sdk\platform-tools\adb.exe -P 5037 start-server'
[35m[AndroidDriver][39m Retrieving device list
[debug] [35m[ADB][39m Trying to find a connected android device
[debug] [35m[ADB][39m Getting connected devices
[debug] [35m[ADB][39m Connected devices: [{"udid":"3a6958a2","state":"device"}]
[35m[AndroidDriver][39m Using device: 3a6958a2
[35m[ADB][39m Using 'adb.exe' from 'C:\Users\user\.katalon\tools\android_sdk\platform-tools\adb.exe'
[debug] [35m[ADB][39m Running 'C:\Users\user\.katalon\tools\android_sdk\platform-tools\adb.exe -P 5037 start-server'
[debug] [35m[ADB][39m Setting device id to 3a6958a2
[debug] [35m[ADB][39m Running 'C:\Users\user\.katalon\tools\android_sdk\platform-tools\adb.exe -P 5037 -s 3a6958a2 shell getprop ro.build.version.sdk'
[debug] [35m[ADB][39m Current device property 'ro.build.version.sdk': 30
[35m[ADB][39m Getting device platform version
[debug] [35m[ADB][39m Running 'C:\Users\user\.katalon\tools\android_sdk\platform-tools\adb.exe -P 5037 -s 3a6958a2 shell getprop ro.build.version.release'
[debug] [35m[ADB][39m Current device property 'ro.build.version.release': 11
[debug] [35m[ADB][39m Device API level: 30
[35m[UiAutomator2][39m Relaxing hidden api policy
[debug] [35m[ADB][39m Running 'C:\Users\user\.katalon\tools\android_sdk\platform-tools\adb.exe -P 5037 -s 3a6958a2 shell 'settings put global hidden_api_policy_pre_p_apps 1;settings put global hidden_api_policy_p_apps 1;settings put global hidden_api_policy 1''
[debug] [35m[AndroidDriver][39m Parsing package and activity from app manifest
[35m[ADB][39m Package name: 'com.Advantage.aShopping'
[35m[ADB][39m Main activity name: 'com.Advantage.aShopping.SplashActivity'
[debug] [35m[AndroidDriver][39m Parsed package and activity are: com.Advantage.aShopping/com.Advantage.aShopping.SplashActivity
[debug] [35m[ADB][39m Running 'C:\Users\user\.katalon\tools\android_sdk\platform-tools\adb.exe -P 5037 -s 3a6958a2 wait-for-device'
[debug] [35m[ADB][39m Running 'C:\Users\user\.katalon\tools\android_sdk\platform-tools\adb.exe -P 5037 -s 3a6958a2 shell echo ping'
[debug] [35m[AndroidDriver][39m Pushing settings apk to device...
[debug] [35m[ADB][39m Getting install status for io.appium.settings
[debug] [35m[ADB][39m Running 'C:\Users\user\.katalon\tools\android_sdk\platform-tools\adb.exe -P 5037 -s 3a6958a2 shell dumpsys package io.appium.settings'
[debug] [35m[ADB][39m 'io.appium.settings' is installed
[debug] [35m[ADB][39m Getting package info for 'io.appium.settings'
[debug] [35m[ADB][39m Running 'C:\Users\user\.katalon\tools\android_sdk\platform-tools\adb.exe -P 5037 -s 3a6958a2 shell dumpsys package io.appium.settings'
[debug] [35m[ADB][39m The version name of the installed 'io.appium.settings' is greater or equal to the application version name ('3.4.0' >= '3.4.0')
[debug] [35m[ADB][39m There is no need to install/upgrade 'C:\Users\user\AppData\Roaming\npm\node_modules\appium\node_modules\io.appium.settings\apks\settings_apk-debug.apk'
[debug] [35m[ADB][39m Getting IDs of all 'io.appium.settings' processes
[debug] [35m[ADB][39m Running 'C:\Users\user\.katalon\tools\android_sdk\platform-tools\adb.exe -P 5037 -s 3a6958a2 shell 'pgrep --help; echo $?''
[debug] [35m[ADB][39m Running 'C:\Users\user\.katalon\tools\android_sdk\platform-tools\adb.exe -P 5037 -s 3a6958a2 shell pgrep -f \(\[\[:blank:\]\]\|\^\)io\.appium\.settings\(\[\[:blank:\]\]\|\$\)'
[debug] [35m[AndroidDriver][39m io.appium.settings is already running. There is no need to reset its permissions.
[debug] [35m[ADB][39m Running 'C:\Users\user\.katalon\tools\android_sdk\platform-tools\adb.exe -P 5037 -s 3a6958a2 shell appops set io.appium.settings android:mock_location allow'
[debug] [35m[Logcat][39m Starting logs capture with command: C:\\Users\\user\\.katalon\\tools\\android_sdk\\platform-tools\\adb.exe -P 5037 -s 3a6958a2 logcat -v threadtime
[debug] [35m[UiAutomator2][39m Forwarding UiAutomator2 Server port 6790 to local port 64235
[debug] [35m[ADB][39m Forwarding system: 64235 to device: 6790
[debug] [35m[ADB][39m Running 'C:\Users\user\.katalon\tools\android_sdk\platform-tools\adb.exe -P 5037 -s 3a6958a2 forward tcp:64235 tcp:6790'
[debug] [35m[ADB][39m Getting install status for io.appium.uiautomator2.server
[debug] [35m[ADB][39m Running 'C:\Users\user\.katalon\tools\android_sdk\platform-tools\adb.exe -P 5037 -s 3a6958a2 shell dumpsys package io.appium.uiautomator2.server'
[debug] [35m[ADB][39m 'io.appium.uiautomator2.server' is installed
[debug] [35m[ADB][39m Getting package info for 'io.appium.uiautomator2.server'
[debug] [35m[ADB][39m Running 'C:\Users\user\.katalon\tools\android_sdk\platform-tools\adb.exe -P 5037 -s 3a6958a2 shell dumpsys package io.appium.uiautomator2.server'
[debug] [35m[ADB][39m The version name of the installed 'io.appium.uiautomator2.server' is greater or equal to the application version name ('4.27.0' >= '4.27.0')
[debug] [35m[UiAutomator2][39m io.appium.uiautomator2.server installation state: sameVersionInstalled
[debug] [35m[ADB][39m Checking app cert for C:\Users\user\AppData\Roaming\npm\node_modules\appium\node_modules\appium-uiautomator2-server\apks\appium-uiautomator2-server-v4.27.0.apk
[35m[ADB][39m Using 'apksigner.jar' from 'C:\Users\user\.katalon\tools\android_sdk\build-tools\29.0.3\lib\apksigner.jar'
[debug] [35m[ADB][39m Starting apksigner: C:\\Users\\user\\.katalon\\packages\\Katalon_Studio_Windows_64-8.6.8\\Katalon_Studio_Windows_64-8.6.8\\jre\\bin\\java.exe -Xmx1024M -Xss1m -jar C:\\Users\\user\\.katalon\\tools\\android_sdk\\build-tools\\29.0.3\\lib\\apksigner.jar verify --print-certs C:\\Users\\user\\AppData\\Roaming\\npm\\node_modules\\appium\\node_modules\\appium-uiautomator2-server\\apks\\appium-uiautomator2-server-v4.27.0.apk
[debug] [35m[ADB][39m apksigner stdout: Signer #1 certificate DN: EMAILADDRESS=android@android.com, CN=Android, OU=Android, O=Android, L=Mountain View, ST=California, C=US
[debug] [35m[ADB][39m Signer #1 certificate SHA-256 digest: a40da80a59d170caa950cf15c18c454d47a39b26989d8b640ecd745ba71bf5dc
[debug] [35m[ADB][39m Signer #1 certificate SHA-1 digest: 61ed377e85d386a8dfee6b864bd85b0bfaa5af81
[debug] [35m[ADB][39m Signer #1 certificate MD5 digest: e89b158e4bcf988ebd09eb83f5378e87
[debug] [35m[ADB][39m 
[debug] [35m[ADB][39m sha256 hash did match for 'appium-uiautomator2-server-v4.27.0.apk'
[35m[ADB][39m 'C:\Users\user\AppData\Roaming\npm\node_modules\appium\node_modules\appium-uiautomator2-server\apks\appium-uiautomator2-server-v4.27.0.apk' is signed with the default certificate
[debug] [35m[ADB][39m Getting install status for io.appium.uiautomator2.server.test
[debug] [35m[ADB][39m Running 'C:\Users\user\.katalon\tools\android_sdk\platform-tools\adb.exe -P 5037 -s 3a6958a2 shell dumpsys package io.appium.uiautomator2.server.test'
[debug] [35m[ADB][39m 'io.appium.uiautomator2.server.test' is installed
[debug] [35m[ADB][39m Checking app cert for C:\Users\user\AppData\Roaming\npm\node_modules\appium\node_modules\appium-uiautomator2-server\apks\appium-uiautomator2-server-debug-androidTest.apk
[debug] [35m[ADB][39m Starting apksigner: C:\\Users\\user\\.katalon\\packages\\Katalon_Studio_Windows_64-8.6.8\\Katalon_Studio_Windows_64-8.6.8\\jre\\bin\\java.exe -Xmx1024M -Xss1m -jar C:\\Users\\user\\.katalon\\tools\\android_sdk\\build-tools\\29.0.3\\lib\\apksigner.jar verify --print-certs C:\\Users\\user\\AppData\\Roaming\\npm\\node_modules\\appium\\node_modules\\appium-uiautomator2-server\\apks\\appium-uiautomator2-server-debug-androidTest.apk
[debug] [35m[ADB][39m apksigner stdout: Signer #1 certificate DN: EMAILADDRESS=android@android.com, CN=Android, OU=Android, O=Android, L=Mountain View, ST=California, C=US
[debug] [35m[ADB][39m Signer #1 certificate SHA-256 digest: a40da80a59d170caa950cf15c18c454d47a39b26989d8b640ecd745ba71bf5dc
[debug] [35m[ADB][39m Signer #1 certificate SHA-1 digest: 61ed377e85d386a8dfee6b864bd85b0bfaa5af81
[debug] [35m[ADB][39m Signer #1 certificate MD5 digest: e89b158e4bcf988ebd09eb83f5378e87
[debug] [35m[ADB][39m 
[debug] [35m[ADB][39m sha256 hash did match for 'appium-uiautomator2-server-debug-androidTest.apk'
[35m[ADB][39m 'C:\Users\user\AppData\Roaming\npm\node_modules\appium\node_modules\appium-uiautomator2-server\apks\appium-uiautomator2-server-debug-androidTest.apk' is signed with the default certificate
[35m[UiAutomator2][39m Server packages are not going to be (re)installed
[debug] [35m[UiAutomator2][39m Waiting up to 30000ms for services to be available
[debug] [35m[ADB][39m Running 'C:\Users\user\.katalon\tools\android_sdk\platform-tools\adb.exe -P 5037 -s 3a6958a2 shell pm list instrumentation'
[debug] [35m[UiAutomator2][39m Instrumentation target 'io.appium.uiautomator2.server.test/androidx.test.runner.AndroidJUnitRunner' is available
[35m[ADB][39m Adding packages ["io.appium.settings","io.appium.uiautomator2.server","io.appium.uiautomator2.server.test"] to Doze whitelist
[debug] [35m[ADB][39m Got the following command chunks to execute: [["dumpsys","deviceidle","whitelist","+io.appium.settings",";","dumpsys","deviceidle","whitelist","+io.appium.uiautomator2.server",";","dumpsys","deviceidle","whitelist","+io.appium.uiautomator2.server.test",";"]]
[debug] [35m[ADB][39m Running 'C:\Users\user\.katalon\tools\android_sdk\platform-tools\adb.exe -P 5037 -s 3a6958a2 shell dumpsys deviceidle whitelist +io.appium.settings ; dumpsys deviceidle whitelist +io.appium.uiautomator2.server ; dumpsys deviceidle whitelist +io.appium.uiautomator2.server.test ;'
[debug] [35m[ADB][39m Checking app cert for C:\Users\user\Katalon Studio\EduApp\AndroidApp\Advantagedemo3.2.apk
[debug] [35m[ADB][39m Starting apksigner: C:\\Users\\user\\.katalon\\packages\\Katalon_Studio_Windows_64-8.6.8\\Katalon_Studio_Windows_64-8.6.8\\jre\\bin\\java.exe -Xmx1024M -Xss1m -jar C:\\Users\\user\\.katalon\\tools\\android_sdk\\build-tools\\29.0.3\\lib\\apksigner.jar verify --print-certs 'C:\\Users\\user\\Katalon Studio\\EduApp\\AndroidApp\\Advantagedemo3.2.apk'
[debug] [35m[ADB][39m apksigner stdout: Signer #1 certificate DN: C=US, O=Android, CN=Android Debug
[debug] [35m[ADB][39m Signer #1 certificate SHA-256 digest: a25b2949282786abf111fc6d2b844d052068b0f0286c75e96bc7802f40061eec
[debug] [35m[ADB][39m Signer #1 certificate SHA-1 digest: d6864f46d9909fcd503284a443d0875c65663554
[debug] [35m[ADB][39m Signer #1 certificate MD5 digest: 115ae745ac99f5c0a3cfaa70b98c9800
[debug] [35m[ADB][39m 
[35m[ADB][39m 'C:\Users\user\Katalon Studio\EduApp\AndroidApp\Advantagedemo3.2.apk' is signed with a non-default certificate
[debug] [35m[ADB][39m Getting install status for com.Advantage.aShopping
[debug] [35m[ADB][39m Running 'C:\Users\user\.katalon\tools\android_sdk\platform-tools\adb.exe -P 5037 -s 3a6958a2 shell dumpsys package com.Advantage.aShopping'
[debug] [35m[ADB][39m 'com.Advantage.aShopping' is not installed
[debug] [35m[ADB][39m App 'C:\Users\user\Katalon Studio\EduApp\AndroidApp\Advantagedemo3.2.apk' is not installed
[debug] [35m[ADB][39m Installing 'C:\Users\user\Katalon Studio\EduApp\AndroidApp\Advantagedemo3.2.apk'
[debug] [35m[ADB][39m Running 'C:\Users\user\.katalon\tools\android_sdk\platform-tools\adb.exe -P 5037 -s 3a6958a2 help'
[debug] [35m[ADB][39m Running 'C:\Users\user\.katalon\tools\android_sdk\platform-tools\adb.exe -P 5037 -s 3a6958a2 features'
[35m[ADB][39m The application at 'C:\Users\user\Katalon Studio\EduApp\AndroidApp\Advantagedemo3.2.apk' will not be cached, because the device under test has confirmed the support of streamed installs
[debug] [35m[ADB][39m Running 'C:\Users\user\.katalon\tools\android_sdk\platform-tools\adb.exe -P 5037 -s 3a6958a2 install -g 'C:\\Users\\user\\Katalon Studio\\EduApp\\AndroidApp\\Advantagedemo3.2.apk''
[35m[ADB][39m The installation of 'Advantagedemo3.2.apk' took 2311ms
[debug] [35m[ADB][39m Install command stdout: Performing Streamed Install
[debug] [35m[ADB][39m Success
[debug] [35m[UiAutomator2][39m Performing shallow cleanup of automation leftovers
[debug] [35m[UiAutomator2][39m No obsolete sessions have been detected (socket hang up)
[debug] [35m[ADB][39m Running 'C:\Users\user\.katalon\tools\android_sdk\platform-tools\adb.exe -P 5037 -s 3a6958a2 shell am force-stop io.appium.uiautomator2.server.test'
[35m[UiAutomator2][39m Starting UIAutomator2 server 4.27.0
[35m[UiAutomator2][39m Using UIAutomator2 server from 'C:\Users\user\AppData\Roaming\npm\node_modules\appium\node_modules\appium-uiautomator2-server\apks\appium-uiautomator2-server-v4.27.0.apk' and test from 'C:\Users\user\AppData\Roaming\npm\node_modules\appium\node_modules\appium-uiautomator2-server\apks\appium-uiautomator2-server-debug-androidTest.apk'
[35m[UiAutomator2][39m Waiting up to 30000ms for UiAutomator2 to be online...
[debug] [35m[ADB][39m Creating ADB subprocess with args: ["-P",5037,"-s","3a6958a2","shell","am","instrument","-w","-e","disableAnalytics",true,"io.appium.uiautomator2.server.test/androidx.test.runner.AndroidJUnitRunner"]
[debug] [35m[WD Proxy][39m Matched '/status' to command name 'getStatus'
[debug] [35m[WD Proxy][39m Proxying [GET /status] to [GET http://127.0.0.1:64235/wd/hub/status] with no body
[35m[WD Proxy][39m socket hang up
[debug] [35m[WD Proxy][39m Matched '/status' to command name 'getStatus'
[debug] [35m[WD Proxy][39m Proxying [GET /status] to [GET http://127.0.0.1:64235/wd/hub/status] with no body
[35m[WD Proxy][39m socket hang up
[debug] [35m[WD Proxy][39m Matched '/status' to command name 'getStatus'
[debug] [35m[WD Proxy][39m Proxying [GET /status] to [GET http://127.0.0.1:64235/wd/hub/status] with no body
[35m[WD Proxy][39m socket hang up
[debug] [35m[WD Proxy][39m Matched '/status' to command name 'getStatus'
[debug] [35m[WD Proxy][39m Proxying [GET /status] to [GET http://127.0.0.1:64235/wd/hub/status] with no body
[35m[WD Proxy][39m socket hang up
[debug] [35m[WD Proxy][39m Matched '/status' to command name 'getStatus'
[debug] [35m[WD Proxy][39m Proxying [GET /status] to [GET http://127.0.0.1:64235/wd/hub/status] with no body
[35m[WD Proxy][39m socket hang up
[debug] [35m[WD Proxy][39m Matched '/status' to command name 'getStatus'
[debug] [35m[WD Proxy][39m Proxying [GET /status] to [GET http://127.0.0.1:64235/wd/hub/status] with no body
[35m[WD Proxy][39m socket hang up
[debug] [35m[WD Proxy][39m Matched '/status' to command name 'getStatus'
[debug] [35m[WD Proxy][39m Proxying [GET /status] to [GET http://127.0.0.1:64235/wd/hub/status] with no body
[35m[WD Proxy][39m socket hang up
[debug] [35m[WD Proxy][39m Matched '/status' to command name 'getStatus'
[debug] [35m[WD Proxy][39m Proxying [GET /status] to [GET http://127.0.0.1:64235/wd/hub/status] with no body
[35m[WD Proxy][39m socket hang up
[debug] [35m[Instrumentation][39m io.appium.uiautomator2.server.test.AppiumUiAutomator2Server:
[debug] [35m[WD Proxy][39m Matched '/status' to command name 'getStatus'
[debug] [35m[WD Proxy][39m Proxying [GET /status] to [GET http://127.0.0.1:64235/wd/hub/status] with no body
[35m[WD Proxy][39m socket hang up
[debug] [35m[WD Proxy][39m Matched '/status' to command name 'getStatus'
[debug] [35m[WD Proxy][39m Proxying [GET /status] to [GET http://127.0.0.1:64235/wd/hub/status] with no body
[35m[WD Proxy][39m socket hang up
[debug] [35m[WD Proxy][39m Matched '/status' to command name 'getStatus'
[debug] [35m[WD Proxy][39m Proxying [GET /status] to [GET http://127.0.0.1:64235/wd/hub/status] with no body
[debug] [35m[WD Proxy][39m Got response with status 200: {"sessionId":"None","value":{"message":"UiAutomator2 Server is ready to accept commands","ready":true}}
[debug] [35m[UiAutomator2][39m The initialization of the instrumentation process took 10352ms
[debug] [35m[WD Proxy][39m Matched '/session' to command name 'createSession'
[debug] [35m[WD Proxy][39m Proxying [POST /session] to [POST http://127.0.0.1:64235/wd/hub/session] with body: {"capabilities":{"firstMatch":[{"platform":"ANDROID","webStorageEnabled":false,"takesScreenshot":true,"javascriptEnabled":true,"databaseEnabled":false,"networkConnectionEnabled":true,"locationContextEnabled":false,"warnings":{},"desired":{"platformName":"android","platform":"ANDROID","chromedriverPort":64225,"app":"C:\\Users\\user\\Katalon Studio\\EduApp\\AndroidApp\\Advantagedemo3.2.apk","autoGrantPermissions":true,"automationName":"uiautomator2","deviceName":"realme RMX2103 (Android 11)","fullReset":false,"newCommandTimeout":1800,"noReset":true,"platformVersion":"11","systemPort":64235,"udid":"3a6958a2"},"platformName":"android","chromedriverPort":64225,"app":"C:\\Users\\user\\Katalon Studio\\EduApp\\AndroidApp\\Advantagedemo3.2.apk","autoGrantPermissions":true,"automationName":"uiautomator2","deviceName":"3a6958a2","fullReset":false,"newCommandTimeout":1800,"noReset":true,"platformVersion":"11","systemPort":64235,"udid":"3a6958a2","deviceUDID":"3a6958a2","appPackage":"com.Advantage.aShopping"}],"alwaysM...
[debug] [35m[WD Proxy][39m Got response with status 200: {"sessionId":"18a9572d-55f7-48b9-8719-532e01cd938f","value":{"capabilities":{"firstMatch":[{"platform":"ANDROID","webStorageEnabled":false,"takesScreenshot":true,"javascriptEnabled":true,"databaseEnabled":false,"networkConnectionEnabled":true,"locationContextEnabled":false,"warnings":{},"desired":{"platformName":"android","platform":"ANDROID","chromedriverPort":64225,"app":"C:\\Users\\user\\Katalon Studio\\EduApp\\AndroidApp\\Advantagedemo3.2.apk","autoGrantPermissions":true,"automationName":"uiautomator2","deviceName":"realme RMX2103 (Android 11)","fullReset":false,"newCommandTimeout":1800,"noReset":true,"platformVersion":"11","systemPort":64235,"udid":"3a6958a2"},"platformName":"android","chromedriverPort":64225,"app":"C:\\Users\\user\\Katalon Studio\\EduApp\\AndroidApp\\Advantagedemo3.2.apk","autoGrantPermissions":true,"automationName":"uiautomator2","deviceName":"3a6958a2","fullReset":false,"newCommandTimeout":1800,"noReset":true,"platformVersion":"11","systemPort":64235,"udid":"3a6958a2","deviceUDID":...
[35m[WD Proxy][39m Determined the downstream protocol as 'W3C'
[debug] [35m[WD Proxy][39m Proxying [GET /appium/device/info] to [GET http://127.0.0.1:64235/wd/hub/session/18a9572d-55f7-48b9-8719-532e01cd938f/appium/device/info] with no body
[debug] [35m[WD Proxy][39m Got response with status 200: {"sessionId":"18a9572d-55f7-48b9-8719-532e01cd938f","value":{"androidId":"5dbd4e3b85ebd74c","apiVersion":"30","bluetooth":{"state":"OFF"},"brand":"realme","carrierName":"by.U","displayDensity":272,"locale":"en_US","manufacturer":"realme","model":"RMX2103","networks":[{"capabilities":{"SSID":null,"linkDownBandwidthKbps":30000,"linkUpstreamBandwidthKbps":15000,"networkCapabilities":"NET_CAPABILITY_SUPL,NET_CAPABILITY_INTERNET,NET_CAPABILITY_NOT_RESTRICTED,NET_CAPABILITY_TRUSTED,NET_CAPABILITY_NOT_VPN,NET_CAPABILITY_VALIDATED,NET_CAPABILITY_NOT_ROAMING,NET_CAPABILITY_NOT_CONGESTED,NET_CAPABILITY_NOT_SUSPENDED","signalStrength":-2147483648,"transportTypes":"TRANSPORT_CELLULAR"},"detailedState":"CONNECTED","extraInfo":"internet","isAvailable":true,"isConnected":true,"isFailover":false,"isRoaming":false,"state":"CONNECTED","subtype":13,"subtypeName":"LTE","type":0,"typeName":"MOBILE"},{"capabilities":{"SSID":null,"linkDownBandwidthKbps":49500,"linkUpstreamBandwidthKbps":47025,"networkCapabilities":"NET_CAPABILIT...
[debug] [35m[ADB][39m Running 'C:\Users\user\.katalon\tools\android_sdk\platform-tools\adb.exe -P 5037 -s 3a6958a2 shell dumpsys window'
[35m[AndroidDriver][39m Screen already unlocked, doing nothing
[35m[UiAutomator2][39m Starting 'com.Advantage.aShopping/com.Advantage.aShopping.SplashActivity and waiting for 'com.Advantage.aShopping/com.Advantage.aShopping.SplashActivity'
[debug] [35m[ADB][39m Running 'C:\Users\user\.katalon\tools\android_sdk\platform-tools\adb.exe -P 5037 -s 3a6958a2 shell am start -W -n com.Advantage.aShopping/com.Advantage.aShopping.SplashActivity -S -a android.intent.action.MAIN -c android.intent.category.LAUNCHER -f 0x10200000'
[debug] [35m[ADB][39m Waiting up to 20000ms for activity matching pkg: 'com.Advantage.aShopping' and activity: 'com.Advantage.aShopping.SplashActivity' to be focused
[debug] [35m[ADB][39m Possible activities, to be checked: 'com.Advantage.aShopping.SplashActivity', 'com.Advantage.aShopping.com.Advantage.aShopping.SplashActivity'
[debug] [35m[ADB][39m Getting focused package and activity
[debug] [35m[ADB][39m Running 'C:\Users\user\.katalon\tools\android_sdk\platform-tools\adb.exe -P 5037 -s 3a6958a2 shell dumpsys window displays'
[debug] [35m[ADB][39m Found package: 'com.Advantage.aShopping' and fully qualified activity name : 'com.Advantage.aShopping.SplashActivity'
[debug] [35m[WD Proxy][39m Proxying [GET /appium/device/pixel_ratio] to [GET http://127.0.0.1:64235/wd/hub/session/18a9572d-55f7-48b9-8719-532e01cd938f/appium/device/pixel_ratio] with no body
[debug] [35m[WD Proxy][39m Got response with status 200: {"sessionId":"18a9572d-55f7-48b9-8719-532e01cd938f","value":1.7}
[debug] [35m[WD Proxy][39m Matched '/appium/device/system_bars' to command name 'getSystemBars'
[debug] [35m[WD Proxy][39m Proxying [GET /appium/device/system_bars] to [GET http://127.0.0.1:64235/wd/hub/session/18a9572d-55f7-48b9-8719-532e01cd938f/appium/device/system_bars] with no body
[debug] [35m[WD Proxy][39m Got response with status 200: {"sessionId":"18a9572d-55f7-48b9-8719-532e01cd938f","value":{"statusBar":71}}
[debug] [35m[WD Proxy][39m Matched '/window/current/size' to command name 'getWindowSize'
[debug] [35m[WD Proxy][39m Proxying [GET /window/current/size] to [GET http://127.0.0.1:64235/wd/hub/session/18a9572d-55f7-48b9-8719-532e01cd938f/window/current/size] with no body
[debug] [35m[WD Proxy][39m Got response with status 200: {"sessionId":"18a9572d-55f7-48b9-8719-532e01cd938f","value":{"height":1454,"width":720}}
[35m[Appium][39m New AndroidUiautomator2Driver session created successfully, session 6d6b64d1-4071-4898-b80f-80f27464f419 added to master session list
[debug] [35m[BaseDriver][39m Event 'newSessionStarted' logged at 1697416935580 (07:42:15 GMT+0700 (Western Indonesia Time))
[debug] [35m[W3C (6d6b64d1)][39m Cached the protocol value 'W3C' for the new session 6d6b64d1-4071-4898-b80f-80f27464f419
[debug] [35m[W3C (6d6b64d1)][39m Responding to client with driver.createSession() result: {"capabilities":{"platform":"ANDROID","webStorageEnabled":false,"takesScreenshot":true,"javascriptEnabled":true,"databaseEnabled":false,"networkConnectionEnabled":true,"locationContextEnabled":false,"warnings":{},"desired":{"platformName":"android","platform":"ANDROID","chromedriverPort":64225,"app":"C:\\Users\\user\\Katalon Studio\\EduApp\\AndroidApp\\Advantagedemo3.2.apk","autoGrantPermissions":true,"automationName":"uiautomator2","deviceName":"realme RMX2103 (Android 11)","fullReset":false,"newCommandTimeout":1800,"noReset":true,"platformVersion":"11","systemPort":64235,"udid":"3a6958a2"},"platformName":"android","chromedriverPort":64225,"app":"C:\\Users\\user\\Katalon Studio\\EduApp\\AndroidApp\\Advantagedemo3.2.apk","autoGrantPermissions":true,"automationName":"uiautomator2","deviceName":"3a6958a2","fullReset":false,"newCommandTimeout":1800,"noReset":true,"platformVersion":"11","systemPort":64235,"udid":"3a6958a2","deviceUDID":"3a6958a2","appPackage":"com.Advantage.aShopping","deviceApiLevel":30,"devi...
[35m[HTTP][39m [37m<-- POST /wd/hub/session [39m[32m200[39m [90m28310 ms - 1285[39m
[35m[HTTP][39m [90m[39m
[35m[HTTP][39m [37m-->[39m [37mGET[39m [37m/wd/hub/session/6d6b64d1-4071-4898-b80f-80f27464f419[39m
[35m[HTTP][39m [90m{}[39m
[debug] [35m[W3C (6d6b64d1)][39m Calling AppiumDriver.getSession() with args: ["6d6b64d1-4071-4898-b80f-80f27464f419"]
[debug] [35m[UiAutomator2][39m Getting session details from server to mix in
[debug] [35m[WD Proxy][39m Matched '/' to command name 'getSession'
[debug] [35m[WD Proxy][39m Proxying [GET /] to [GET http://127.0.0.1:64235/wd/hub/session/18a9572d-55f7-48b9-8719-532e01cd938f] with no body
[debug] [35m[WD Proxy][39m Got response with status 200: {"sessionId":"18a9572d-55f7-48b9-8719-532e01cd938f","value":{"lastScrollData":null}}
[debug] [35m[W3C (6d6b64d1)][39m Responding to client with driver.getSession() result: {"platform":"ANDROID","webStorageEnabled":false,"takesScreenshot":true,"javascriptEnabled":true,"databaseEnabled":false,"networkConnectionEnabled":true,"locationContextEnabled":false,"warnings":{},"desired":{"platformName":"android","platform":"ANDROID","chromedriverPort":64225,"app":"C:\\Users\\user\\Katalon Studio\\EduApp\\AndroidApp\\Advantagedemo3.2.apk","autoGrantPermissions":true,"automationName":"uiautomator2","deviceName":"realme RMX2103 (Android 11)","fullReset":false,"newCommandTimeout":1800,"noReset":true,"platformVersion":"11","systemPort":64235,"udid":"3a6958a2"},"platformName":"android","chromedriverPort":64225,"app":"C:\\Users\\user\\Katalon Studio\\EduApp\\AndroidApp\\Advantagedemo3.2.apk","autoGrantPermissions":true,"automationName":"uiautomator2","deviceName":"3a6958a2","fullReset":false,"newCommandTimeout":1800,"noReset":true,"platformVersion":"11","systemPort":64235,"udid":"3a6958a2","deviceUDID":"3a6958a2","appPackage":"com.Advantage.aShopping","deviceApiLevel":30,"deviceScreenSize":"7...
[35m[HTTP][39m [37m<-- GET /wd/hub/session/6d6b64d1-4071-4898-b80f-80f27464f419 [39m[32m200[39m [90m39 ms - 1239[39m
[35m[HTTP][39m [90m[39m
[35m[HTTP][39m [37m-->[39m [37mGET[39m [37m/wd/hub/session/6d6b64d1-4071-4898-b80f-80f27464f419[39m
[35m[HTTP][39m [90m{}[39m
[debug] [35m[W3C (6d6b64d1)][39m Calling AppiumDriver.getSession() with args: ["6d6b64d1-4071-4898-b80f-80f27464f419"]
[debug] [35m[UiAutomator2][39m Getting session details from server to mix in
[debug] [35m[WD Proxy][39m Matched '/' to command name 'getSession'
[debug] [35m[WD Proxy][39m Proxying [GET /] to [GET http://127.0.0.1:64235/wd/hub/session/18a9572d-55f7-48b9-8719-532e01cd938f] with no body
[debug] [35m[WD Proxy][39m Got response with status 200: {"sessionId":"18a9572d-55f7-48b9-8719-532e01cd938f","value":{"lastScrollData":null}}
[debug] [35m[W3C (6d6b64d1)][39m Responding to client with driver.getSession() result: {"platform":"ANDROID","webStorageEnabled":false,"takesScreenshot":true,"javascriptEnabled":true,"databaseEnabled":false,"networkConnectionEnabled":true,"locationContextEnabled":false,"warnings":{},"desired":{"platformName":"android","platform":"ANDROID","chromedriverPort":64225,"app":"C:\\Users\\user\\Katalon Studio\\EduApp\\AndroidApp\\Advantagedemo3.2.apk","autoGrantPermissions":true,"automationName":"uiautomator2","deviceName":"realme RMX2103 (Android 11)","fullReset":false,"newCommandTimeout":1800,"noReset":true,"platformVersion":"11","systemPort":64235,"udid":"3a6958a2"},"platformName":"android","chromedriverPort":64225,"app":"C:\\Users\\user\\Katalon Studio\\EduApp\\AndroidApp\\Advantagedemo3.2.apk","autoGrantPermissions":true,"automationName":"uiautomator2","deviceName":"3a6958a2","fullReset":false,"newCommandTimeout":1800,"noReset":true,"platformVersion":"11","systemPort":64235,"udid":"3a6958a2","deviceUDID":"3a6958a2","appPackage":"com.Advantage.aShopping","deviceApiLevel":30,"deviceScreenSize":"7...
[35m[HTTP][39m [37m<-- GET /wd/hub/session/6d6b64d1-4071-4898-b80f-80f27464f419 [39m[32m200[39m [90m22 ms - 1239[39m
[35m[HTTP][39m [90m[39m
[35m[HTTP][39m [37m-->[39m [37mGET[39m [37m/wd/hub/status[39m
[35m[HTTP][39m [90m{}[39m
[debug] [35m[GENERIC][39m Calling AppiumDriver.getStatus() with args: []
[debug] [35m[GENERIC][39m Responding to client with driver.getStatus() result: {"build":{"version":"1.22.3"}}
[35m[HTTP][39m [37m<-- GET /wd/hub/status [39m[32m200[39m [90m2 ms - 68[39m
[35m[HTTP][39m [90m[39m
[35m[HTTP][39m [37m-->[39m [37mPOST[39m [37m/wd/hub/session/6d6b64d1-4071-4898-b80f-80f27464f419/timeouts[39m
[35m[HTTP][39m [90m{"implicit":60000}[39m
[debug] [35m[W3C (6d6b64d1)][39m Calling AppiumDriver.timeouts() with args: [null,null,null,null,60000,"6d6b64d1-4071-4898-b80f-80f27464f419"]
[debug] [35m[BaseDriver][39m W3C timeout argument: {"implicit":60000}}
[debug] [35m[BaseDriver][39m Set implicit wait to 60000ms
[debug] [35m[W3C (6d6b64d1)][39m Responding to client with driver.timeouts() result: null
[35m[HTTP][39m [37m<-- POST /wd/hub/session/6d6b64d1-4071-4898-b80f-80f27464f419/timeouts [39m[32m200[39m [90m8 ms - 14[39m
[35m[HTTP][39m [90m[39m
[35m[HTTP][39m [37m-->[39m [37mGET[39m [37m/wd/hub/session/6d6b64d1-4071-4898-b80f-80f27464f419/source[39m
[35m[HTTP][39m [90m{}[39m
[35m[W3C (6d6b64d1)][39m Driver proxy active, passing request on via HTTP proxy
[debug] [35m[WD Proxy][39m Matched '/wd/hub/session/6d6b64d1-4071-4898-b80f-80f27464f419/source' to command name 'getPageSource'
[debug] [35m[WD Proxy][39m Proxying [GET /wd/hub/session/6d6b64d1-4071-4898-b80f-80f27464f419/source] to [GET http://127.0.0.1:64235/wd/hub/session/18a9572d-55f7-48b9-8719-532e01cd938f/source] with no body
[debug] [35m[WD Proxy][39m Got response with status 200: {"sessionId":"18a9572d-55f7-48b9-8719-532e01cd938f","value":"<?xml version='1.0' encoding='UTF-8' standalone='yes' ?>\r\n<hierarchy index=\"0\" class=\"hierarchy\" rotation=\"0\" width=\"720\" height=\"1454\">\r\n  <android.widget.FrameLayout index=\"0\" package=\"com.Advantage.aShopping\" class=\"android.widget.FrameLayout\" text=\"\" checkable=\"false\" checked=\"false\" clickable=\"false\" enabled=\"true\" focusable=\"false\" focused=\"false\" long-clickable=\"false\" password=\"false\" scrollable=\"false\" selected=\"false\" bounds=\"[0,71][720,1454]\" displayed=\"true\">\r\n    <android.widget.LinearLayout index=\"0\" package=\"com.Advantage.aShopping\" class=\"android.widget.LinearLayout\" text=\"\" checkable=\"false\" checked=\"false\" clickable=\"false\" enabled=\"true\" focusable=\"false\" focused=\"false\" long-clickable=\"false\" password=\"false\" scrollable=\"false\" selected=\"false\" bounds=\"[0,71][720,1454]\" displayed=\"true\">\r\n      <android.widget.FrameLayout index=\"0\" package=\"co...
[35m[WD Proxy][39m Replacing sessionId 18a9572d-55f7-48b9-8719-532e01cd938f with 6d6b64d1-4071-4898-b80f-80f27464f419
[35m[HTTP][39m [37m<-- GET /wd/hub/session/6d6b64d1-4071-4898-b80f-80f27464f419/source [39m[32m200[39m [90m105 ms - 5493[39m
[35m[HTTP][39m [90m[39m
[35m[HTTP][39m [37m-->[39m [37mGET[39m [37m/wd/hub/session/6d6b64d1-4071-4898-b80f-80f27464f419/screenshot[39m
[35m[HTTP][39m [90m{}[39m
[debug] [35m[W3C (6d6b64d1)][39m Calling AppiumDriver.getScreenshot() with args: ["6d6b64d1-4071-4898-b80f-80f27464f419"]
[debug] [35m[WD Proxy][39m Matched '/screenshot' to command name 'getScreenshot'
[debug] [35m[WD Proxy][39m Proxying [GET /screenshot] to [GET http://127.0.0.1:64235/wd/hub/session/18a9572d-55f7-48b9-8719-532e01cd938f/screenshot] with no body
[debug] [35m[WD Proxy][39m Got response with status 200: {"sessionId":"18a9572d-55f7-48b9-8719-532e01cd938f","value":"iVBORw0KGgoAAAANSUhEUgAAAtAAAAZACAYAAABQfnXMAAAAAXNSR0IArs4c6QAAAARzQklUCAgI\nCHwIZIgAACAASURBVHic7L1pryxJkh12PCIz7/LWquqVPcMZcsSRBAkCBP1/6AslQOQIFBcNMUPN\n0tVdXVWv3v7ukluE64O7re6RebNJQhBgp7vezYjwxdzc3Oy4h0dEApARCAQCgUAgEAgEnoTh/2sB\nAoFAIBAIBAKB/z8hCHQgEAgEAoFAIHABgkAHAoFAIBAIBAIXIAh0IBAIBAKBQCBwAYJABwKBQCAQ\nCAQCFyAIdCAQCAQCgUAgcAGCQAcCgUAgEAgEAhcgCHQgEAgEAoFAIHABgkAHAoFAIBAIBAIXIAh0\nIBAIBAKBQCBwAYJABwKBQCAQCAQCFyAIdCAQCAQCgUAgcAGCQAcCgUAgEAgEAhcgCHQgEAgEAoFA\nIHABgkAHAoFAIBAIBAIXIAh0IBAIBAKBQCBwAYJABwKBQCAQCAQCFyAIdCAQCAQCgUAgcAGCQAcC\ngUAgEAgEAhcgCHQgEAgEAoFAIHABgkAHAoFAIBAIBAIXIAh0IBAIBAKBQCBwAYJABwKBQCAQCAQC\nFyAIdCAQCAQCgUAgcAGCQAcCgUAgEAgEAhcgCHQgEAgEAoFAIHABgkAHAoFAIBAIBAIXIAh0IBAI\nBAKBQCBwAYJABwKBQCAQCAQCFyAIdCAQCAQCgUAgcAGCQAcCgUAgEAgEAhcgCHQgEAgEAoFAIHAB\ngkAHAoFAIBAIBAIXIAh0IBAIBAKBQCBwAYJABwKBQCAQCAQCFyAIdCAQCAQCgUAgcAGCQAcCgUAg\nEAgEAhcgCHQgEAgEAoFAIHABgkAHAoFAIBAIBAIXIAh0IBAIBAKBQCBwAYJABwKBQCAQCAQCFyAI\ndCAQCAQCgUAgcAGCQAcCgUAg...
[debug] [35m[W3C (6d6b64d1)][39m Responding to client with driver.getScreenshot() result: "iVBORw0KGgoAAAANSUhEUgAAAtAAAAZACAYAAABQfnXMAAAAAXNSR0IArs4c6QAAAARzQklUCAgI\nCHwIZIgAACAASURBVHic7L1pryxJkh12PCIz7/LWquqVPcMZcsSRBAkCBP1/6AslQOQIFBcNMUPN\n0tVdXVWv3v7ukluE64O7re6RebNJQhBgp7vezYjwxdzc3Oy4h0dEApARCAQCgUAgEAgEnoTh/2sB\nAoFAIBAIBAKB/z8hCHQgEAgEAoFAIHABgkAHAoFAIBAIBAIXIAh0IBAIBAKBQCBwAYJABwKBQCAQ\nCAQCFyAIdCAQCAQCgUAgcAGCQAcCgUAgEAgEAhcgCHQgEAgEAoFAIHABgkAHAoFAIBAIBAIXIAh0\nIBAIBAKBQCBwAYJABwKBQCAQCAQCFyAIdCAQCAQCgUAgcAGCQAcCgUAgEAgEAhcgCHQgEAgEAoFA\nIHABgkAHAoFAIBAIBAIXIAh0IBAIBAKBQCBwAYJABwKBQCAQCAQCFyAIdCAQCAQCgUAgcAGCQAcC\ngUAgEAgEAhcgCHQgEAgEAoFAIHABgkAHAoFAIBAIBAIXIAh0IBAIBAKBQCBwAYJABwKBQCAQCAQC\nFyAIdCAQCAQCgUAgcAGCQAcCgUAgEAgEAhcgCHQgEAgEAoFAIHABgkAHAoFAIBAIBAIXIAh0IBAI\nBAKBQCBwAYJABwKBQCAQCAQCFyAIdCAQCAQCgUAgcAGCQAcCgUAgEAgEAhcgCHQgEAgEAoFAIHAB\ngkAHAoFAIBAIBAIXIAh0IBAIBAKBQCBwAYJABwKBQCAQCAQCFyAIdCAQCAQCgUAgcAGCQAcCgUAg\nEAgEAhcgCHQgEAgEAoFAIHABgkAHAoFAIBAIBAIXIAh0IBAIBAKBQCBwAYJABwKBQCAQCAQCFyAI\ndCAQCAQCgUAgcAGCQAcCgUAgEAgEAhcgCHQgEAgEAoFAIHABgkAHAoFAIBAIBAIXIAh0IBAIBAKB\nQCBwAY...
[35m[HTTP][39m [37m<-- GET /wd/hub/session/6d6b64d1-4071-4898-b80f-80f27464f419/screenshot [39m[32m200[39m [90m1646 ms - 1606702[39m
[35m[HTTP][39m [90m[39m
[35m[HTTP][39m [37m-->[39m [37mGET[39m [37m/wd/hub/session/6d6b64d1-4071-4898-b80f-80f27464f419/source[39m
[35m[HTTP][39m [90m{}[39m
[35m[W3C (6d6b64d1)][39m Driver proxy active, passing request on via HTTP proxy
[debug] [35m[WD Proxy][39m Matched '/wd/hub/session/6d6b64d1-4071-4898-b80f-80f27464f419/source' to command name 'getPageSource'
[debug] [35m[WD Proxy][39m Proxying [GET /wd/hub/session/6d6b64d1-4071-4898-b80f-80f27464f419/source] to [GET http://127.0.0.1:64235/wd/hub/session/18a9572d-55f7-48b9-8719-532e01cd938f/source] with no body
[debug] [35m[WD Proxy][39m Got response with status 200: {"sessionId":"18a9572d-55f7-48b9-8719-532e01cd938f","value":"<?xml version='1.0' encoding='UTF-8' standalone='yes' ?>\r\n<hierarchy index=\"0\" class=\"hierarchy\" rotation=\"0\" width=\"720\" height=\"1454\">\r\n  <android.widget.FrameLayout index=\"0\" package=\"com.Advantage.aShopping\" class=\"android.widget.FrameLayout\" text=\"\" checkable=\"false\" checked=\"false\" clickable=\"false\" enabled=\"true\" focusable=\"false\" focused=\"false\" long-clickable=\"false\" password=\"false\" scrollable=\"false\" selected=\"false\" bounds=\"[0,0][720,1454]\" displayed=\"true\">\r\n    <android.widget.LinearLayout index=\"0\" package=\"com.Advantage.aShopping\" class=\"android.widget.LinearLayout\" text=\"\" checkable=\"false\" checked=\"false\" clickable=\"false\" enabled=\"true\" focusable=\"false\" focused=\"false\" long-clickable=\"false\" password=\"false\" scrollable=\"false\" selected=\"false\" bounds=\"[0,0][720,1454]\" displayed=\"true\">\r\n      <android.widget.FrameLayout index=\"0\" package=\"com....
[35m[WD Proxy][39m Replacing sessionId 18a9572d-55f7-48b9-8719-532e01cd938f with 6d6b64d1-4071-4898-b80f-80f27464f419
[35m[HTTP][39m [37m<-- GET /wd/hub/session/6d6b64d1-4071-4898-b80f-80f27464f419/source [39m[32m200[39m [90m1411 ms - 32966[39m
[35m[HTTP][39m [90m[39m
[35m[HTTP][39m [37m-->[39m [37mGET[39m [37m/wd/hub/session/6d6b64d1-4071-4898-b80f-80f27464f419/screenshot[39m
[35m[HTTP][39m [90m{}[39m
[debug] [35m[W3C (6d6b64d1)][39m Calling AppiumDriver.getScreenshot() with args: ["6d6b64d1-4071-4898-b80f-80f27464f419"]
[debug] [35m[WD Proxy][39m Matched '/screenshot' to command name 'getScreenshot'
[debug] [35m[WD Proxy][39m Proxying [GET /screenshot] to [GET http://127.0.0.1:64235/wd/hub/session/18a9572d-55f7-48b9-8719-532e01cd938f/screenshot] with no body
[debug] [35m[WD Proxy][39m Got response with status 200: {"sessionId":"18a9572d-55f7-48b9-8719-532e01cd938f","value":"iVBORw0KGgoAAAANSUhEUgAAAtAAAAZACAYAAABQfnXMAAAAAXNSR0IArs4c6QAAAARzQklUCAgI\nCHwIZIgAACAASURBVHic7N15fFvVnTbw5y7aZUve5D2JnTjOSkJCSCAQAmUJNCktoWzD2mUK02mn\nC31bytvpMi3QFjpvp+/QaaEt7xAaAiUtFGgKGZYACSSQhGwkJiGO913Wvt573z9kXUteEsuW7Tg8\n3/l4LEv3nnMkm+bR0e+eI+DXGzUQEREREdGIiJM9ACIiIiKiqYQBmoiIiIgoAwzQREREREQZYIAm\nIiIiIsoAAzQRERERUQYYoImIiIiIMsAATURERESUAQZoIiIiIqIMMEATEREREWWAAZqIiIiIKAMM\n0EREREREGWCAJiIiIiLKAAM0EREREVEGGKCJiIiIiDLAAE1ERERElAEGaCIiIiKiDDBAExERERFl\ngAGaiIiIiCgDDNBERERERBlggCYiIiIiygADNBERERFRBhigiYiIiIgywABNRERERJQBBmgiIiIi\nogwwQBMRERERZYABmoiIiIgoAwzQREREREQZYIAmIiIiIsoAAzQRERERUQYYoImIiIiIMsAATURE\nRESUAQZoIiIiIqIMMEATEREREWWAAZqIiIiIKAMM0EREREQ06XIM8mQPYcSmzkg/RqyyBEkQTnqM\nomkIxpVRtW8QRZglEb5YfNhjptmtWJDvhEEU8H53L+p9gYz7Odl/CGFFRUxVxzRGIiIaXw6jATNz\n7cgxGoZ8PKqo+MjrR3soPC59F5pNsMoyTJIIkyRC1YCwoiCiKPBG4+gMhxFRhv+3ZCLZZBk1zhxY\nZQkHezzwRGMfq/7HyiJLyDUapsy/+wzQp6F3rrkcC/IdJz2mzuND7cYXRtX+05evxNUzynH9y9vx\n1LGGtMdqnTn4j5VLcUl5MWQx...
[debug] [35m[W3C (6d6b64d1)][39m Responding to client with driver.getScreenshot() result: "iVBORw0KGgoAAAANSUhEUgAAAtAAAAZACAYAAABQfnXMAAAAAXNSR0IArs4c6QAAAARzQklUCAgI\nCHwIZIgAACAASURBVHic7N15fFvVnTbw5y7aZUve5D2JnTjOSkJCSCAQAmUJNCktoWzD2mUK02mn\nC31bytvpMi3QFjpvp+/QaaEt7xAaAiUtFGgKGZYACSSQhGwkJiGO913Wvt573z9kXUteEsuW7Tg8\n3/l4LEv3nnMkm+bR0e+eI+DXGzUQEREREdGIiJM9ACIiIiKiqYQBmoiIiIgoAwzQREREREQZYIAm\nIiIiIsoAAzQRERERUQYYoImIiIiIMsAATURERESUAQZoIiIiIqIMMEATEREREWWAAZqIiIiIKAMM\n0EREREREGWCAJiIiIiLKAAM0EREREVEGGKCJiIiIiDLAAE1ERERElAEGaCIiIiKiDDBAExERERFl\ngAGaiIiIiCgDDNBERERERBlggCYiIiIiygADNBERERFRBhigiYiIiIgywABNRERERJQBBmgiIiIi\nogwwQBMRERERZYABmoiIiIgoAwzQREREREQZYIAmIiIiIsoAAzQRERERUQYYoImIiIiIMsAATURE\nRESUAQZoIiIiIqIMMEATEREREWWAAZqIiIiIKAMM0EREREQ06XIM8mQPYcSmzkg/RqyyBEkQTnqM\nomkIxpVRtW8QRZglEb5YfNhjptmtWJDvhEEU8H53L+p9gYz7Odl/CGFFRUxVxzRGIiIaXw6jATNz\n7cgxGoZ8PKqo+MjrR3soPC59F5pNsMoyTJIIkyRC1YCwoiCiKPBG4+gMhxFRhv+3ZCLZZBk1zhxY\nZQkHezzwRGMfq/7HyiJLyDUapsy/+wzQp6F3rrkcC/IdJz2mzuND7cYXRtX+05evxNUzynH9y9vx\n1LGGtMdqnTn4j5VLcUl5MWQxEeLjqoatzW34ypvv4ajHP6I+Lq8swd8/uXrYx7/w2k787vBHQz72\nrcVzcP...
[35m[HTTP][39m [37m<-- GET /wd/hub/session/6d6b64d1-4071-4898-b80f-80f27464f419/screenshot [39m[32m200[39m [90m1950 ms - 453948[39m
[35m[HTTP][39m [90m[39m
[35m[HTTP][39m [37m-->[39m [37mGET[39m [37m/wd/hub/session/6d6b64d1-4071-4898-b80f-80f27464f419/source[39m
[35m[HTTP][39m [90m{}[39m
[35m[W3C (6d6b64d1)][39m Driver proxy active, passing request on via HTTP proxy
[debug] [35m[WD Proxy][39m Matched '/wd/hub/session/6d6b64d1-4071-4898-b80f-80f27464f419/source' to command name 'getPageSource'
[debug] [35m[WD Proxy][39m Proxying [GET /wd/hub/session/6d6b64d1-4071-4898-b80f-80f27464f419/source] to [GET http://127.0.0.1:64235/wd/hub/session/18a9572d-55f7-48b9-8719-532e01cd938f/source] with no body
[debug] [35m[WD Proxy][39m Got response with status 200: {"sessionId":"18a9572d-55f7-48b9-8719-532e01cd938f","value":"<?xml version='1.0' encoding='UTF-8' standalone='yes' ?>\r\n<hierarchy index=\"0\" class=\"hierarchy\" rotation=\"0\" width=\"720\" height=\"1454\">\r\n  <android.widget.FrameLayout index=\"0\" package=\"com.Advantage.aShopping\" class=\"android.widget.FrameLayout\" text=\"\" checkable=\"false\" checked=\"false\" clickable=\"false\" enabled=\"true\" focusable=\"false\" focused=\"false\" long-clickable=\"false\" password=\"false\" scrollable=\"false\" selected=\"false\" bounds=\"[18,675][701,920]\" displayed=\"true\">\r\n    <android.widget.FrameLayout index=\"0\" package=\"com.Advantage.aShopping\" class=\"android.widget.FrameLayout\" text=\"\" checkable=\"false\" checked=\"false\" clickable=\"false\" enabled=\"true\" focusable=\"false\" focused=\"false\" long-clickable=\"false\" password=\"false\" scrollable=\"false\" selected=\"false\" bounds=\"[45,702][674,893]\" displayed=\"true\">\r\n      <android.widget.FrameLayout index=\"0\" package=\"co...
[35m[WD Proxy][39m Replacing sessionId 18a9572d-55f7-48b9-8719-532e01cd938f with 6d6b64d1-4071-4898-b80f-80f27464f419
[35m[HTTP][39m [37m<-- GET /wd/hub/session/6d6b64d1-4071-4898-b80f-80f27464f419/source [39m[32m200[39m [90m185 ms - 5494[39m
[35m[HTTP][39m [90m[39m
[35m[HTTP][39m [37m-->[39m [37mGET[39m [37m/wd/hub/session/6d6b64d1-4071-4898-b80f-80f27464f419/screenshot[39m
[35m[HTTP][39m [90m{}[39m
[debug] [35m[W3C (6d6b64d1)][39m Calling AppiumDriver.getScreenshot() with args: ["6d6b64d1-4071-4898-b80f-80f27464f419"]
[debug] [35m[WD Proxy][39m Matched '/screenshot' to command name 'getScreenshot'
[debug] [35m[WD Proxy][39m Proxying [GET /screenshot] to [GET http://127.0.0.1:64235/wd/hub/session/18a9572d-55f7-48b9-8719-532e01cd938f/screenshot] with no body
[debug] [35m[WD Proxy][39m Got response with status 200: {"sessionId":"18a9572d-55f7-48b9-8719-532e01cd938f","value":"iVBORw0KGgoAAAANSUhEUgAAAtAAAAZACAYAAABQfnXMAAAAAXNSR0IArs4c6QAAAARzQklUCAgI\nCHwIZIgAACAASURBVHic7N13fBxnnT/wz5TtWq1WXVaxLFm245bYjh0npAMx4QgJgXDAAUm4wAXy\ng9DuOO6OctTAEY521KMcHAeh3IUQQghJCCR2qp3EcZFcJFnd6ra2l5nfH9KMZrZIO9Kumj/vvBTv\nzk55duVkP/vs93keAZe+XAUREREREeVEXOwGEBEREREtJwzQREREREQWMEATEREREVnAAE1ERERE\nZAEDNBERERGRBQzQREREREQWMEATEREREVnAAE1EREREZAEDNBERERGRBQzQREREREQWMEATERER\nEVnAAE1EREREZAEDNBERERGRBQzQREREREQWMEATEREREVnAAE1EREREZAEDNBERERGRBQzQRERE\nREQWMEATEREREVnAAE1EREREZAEDNBERERGRBQzQREREREQWMEATEREREVnAAE1EREREZAEDNBER\nERGRBQzQREREREQWMEATEREREVnAAE1EREREZAEDNBERERGRBQzQREREREQWMEATEREREVnAAE1E\nREREZAEDNBERERGRBQzQREREREQWMEATERER0aLzut2L3YScyYvdAErndjogidKM+ySVJEKR6JzO\nb5NlOO12TIRCWfdpqKrE5qY1sEkSXjzRjs6BAcvXmek/hEgshngiMe92EhFR4fg8HjTXroLX7cr4\neCyRQHtfP06PjhXk2uUlPrgdDjjsNjhsNiiqikg0hmg8jrPBEIbGxxGNx/N+7bnwOJ1oqa+F2+HE\n4Y5OnAkGz6nrz5fL4UCxx71s3vMZoJegp7/zH9jc1DjjPse6e7D+LbfM6fy//PTHcf2ll+CvP/Fp\n/OLRP5seW99Qj6/deQeu3rEN...
[debug] [35m[W3C (6d6b64d1)][39m Responding to client with driver.getScreenshot() result: "iVBORw0KGgoAAAANSUhEUgAAAtAAAAZACAYAAABQfnXMAAAAAXNSR0IArs4c6QAAAARzQklUCAgI\nCHwIZIgAACAASURBVHic7N13fBxnnT/wz5TtWq1WXVaxLFm245bYjh0npAMx4QgJgXDAAUm4wAXy\ng9DuOO6OctTAEY521KMcHAeh3IUQQghJCCR2qp3EcZFcJFnd6ra2l5nfH9KMZrZIO9Kumj/vvBTv\nzk55duVkP/vs93keAZe+XAUREREREeVEXOwGEBEREREtJwzQREREREQWMEATEREREVnAAE1ERERE\nZAEDNBERERGRBQzQREREREQWMEATEREREVnAAE1EREREZAEDNBERERGRBQzQREREREQWMEATERER\nEVnAAE1EREREZAEDNBERERGRBQzQREREREQWMEATEREREVnAAE1EREREZAEDNBERERGRBQzQRERE\nREQWMEATEREREVnAAE1EREREZAEDNBERERGRBQzQREREREQWMEATEREREVnAAE1EREREZAEDNBER\nERGRBQzQREREREQWMEATEREREVnAAE1EREREZAEDNBERERGRBQzQREREREQWMEATEREREVnAAE1E\nREREZAEDNBERERGRBQzQREREREQWMEATERER0aLzut2L3YScyYvdAErndjogidKM+ySVJEKR6JzO\nb5NlOO12TIRCWfdpqKrE5qY1sEkSXjzRjs6BAcvXmek/hEgshngiMe92EhFR4fg8HjTXroLX7cr4\neCyRQHtfP06PjhXk2uUlPrgdDjjsNjhsNiiqikg0hmg8jrPBEIbGxxGNx/N+7bnwOJ1oqa+F2+HE\n4Y5OnAkGz6nrz5fL4UCxx71s3vMZoJegp7/zH9jc1DjjPse6e7D+LbfM6fy//PTHcf2ll+CvP/Fp\n/OLRP5seW99Qj6/deQeu3rENsjQZ4hPJJB5+7gDe+5Vv4ERPb07XuGbXhfjD3Xdlffy2L9yN79//\n+zm3k4...
[35m[HTTP][39m [37m<-- GET /wd/hub/session/6d6b64d1-4071-4898-b80f-80f27464f419/screenshot [39m[32m200[39m [90m1380 ms - 296150[39m
[35m[HTTP][39m [90m[39m
[35m[HTTP][39m [37m-->[39m [37mPOST[39m [37m/wd/hub/session/6d6b64d1-4071-4898-b80f-80f27464f419/elements[39m
[35m[HTTP][39m [90m{"using":"xpath","value":"//*[@class = 'android.widget.Button' and (@text = 'YES' or . = 'YES') and @resource-id = 'android:id/button2']"}[39m
[debug] [35m[W3C (6d6b64d1)][39m Calling AppiumDriver.findElements() with args: ["xpath","//*[@class = 'android.widget.Button' and (@text = 'YES' or . = 'YES') and @resource-id = 'android:id/button2']","6d6b64d1-4071-4898-b80f-80f27464f419"]
[debug] [35m[BaseDriver][39m Valid locator strategies for this request: xpath, id, class name, accessibility id, css selector, -android uiautomator
[debug] [35m[BaseDriver][39m Waiting up to 60000 ms for condition
[debug] [35m[WD Proxy][39m Matched '/elements' to command name 'findElements'
[debug] [35m[WD Proxy][39m Proxying [POST /elements] to [POST http://127.0.0.1:64235/wd/hub/session/18a9572d-55f7-48b9-8719-532e01cd938f/elements] with body: {"strategy":"xpath","selector":"//*[@class = 'android.widget.Button' and (@text = 'YES' or . = 'YES') and @resource-id = 'android:id/button2']","context":"","multiple":true}
[debug] [35m[WD Proxy][39m Got response with status 200: {"sessionId":"18a9572d-55f7-48b9-8719-532e01cd938f","value":[{"ELEMENT":"00000000-0000-0b5b-ffff-ffff00000126","element-6066-11e4-a52e-4f735466cecf":"00000000-0000-0b5b-ffff-ffff00000126"}]}
[debug] [35m[W3C (6d6b64d1)][39m Responding to client with driver.findElements() result: [{"element-6066-11e4-a52e-4f735466cecf":"00000000-0000-0b5b-ffff-ffff00000126","ELEMENT":"00000000-0000-0b5b-ffff-ffff00000126"}]
[35m[HTTP][39m [37m<-- POST /wd/hub/session/6d6b64d1-4071-4898-b80f-80f27464f419/elements [39m[32m200[39m [90m565 ms - 139[39m
[35m[HTTP][39m [90m[39m
[35m[HTTP][39m [37m-->[39m [37mPOST[39m [37m/wd/hub/session/6d6b64d1-4071-4898-b80f-80f27464f419/elements[39m
[35m[HTTP][39m [90m{"using":"xpath","value":"//*[@class = 'android.widget.Button' and (@text = 'NO' or . = 'NO') and @resource-id = 'android:id/button1']"}[39m
[debug] [35m[W3C (6d6b64d1)][39m Calling AppiumDriver.findElements() with args: ["xpath","//*[@class = 'android.widget.Button' and (@text = 'NO' or . = 'NO') and @resource-id = 'android:id/button1']","6d6b64d1-4071-4898-b80f-80f27464f419"]
[debug] [35m[BaseDriver][39m Valid locator strategies for this request: xpath, id, class name, accessibility id, css selector, -android uiautomator
[debug] [35m[BaseDriver][39m Waiting up to 60000 ms for condition
[debug] [35m[WD Proxy][39m Matched '/elements' to command name 'findElements'
[debug] [35m[WD Proxy][39m Proxying [POST /elements] to [POST http://127.0.0.1:64235/wd/hub/session/18a9572d-55f7-48b9-8719-532e01cd938f/elements] with body: {"strategy":"xpath","selector":"//*[@class = 'android.widget.Button' and (@text = 'NO' or . = 'NO') and @resource-id = 'android:id/button1']","context":"","multiple":true}
[debug] [35m[WD Proxy][39m Got response with status 200: {"sessionId":"18a9572d-55f7-48b9-8719-532e01cd938f","value":[{"ELEMENT":"00000000-0000-0b5b-ffff-ffff00000127","element-6066-11e4-a52e-4f735466cecf":"00000000-0000-0b5b-ffff-ffff00000127"}]}
[debug] [35m[W3C (6d6b64d1)][39m Responding to client with driver.findElements() result: [{"element-6066-11e4-a52e-4f735466cecf":"00000000-0000-0b5b-ffff-ffff00000127","ELEMENT":"00000000-0000-0b5b-ffff-ffff00000127"}]
[35m[HTTP][39m [37m<-- POST /wd/hub/session/6d6b64d1-4071-4898-b80f-80f27464f419/elements [39m[32m200[39m [90m642 ms - 139[39m
[35m[HTTP][39m [90m[39m
[35m[HTTP][39m [37m-->[39m [37mDELETE[39m [37m/wd/hub/session/6d6b64d1-4071-4898-b80f-80f27464f419[39m
[35m[HTTP][39m [90m{}[39m
[debug] [35m[W3C (6d6b64d1)][39m Calling AppiumDriver.deleteSession() with args: ["6d6b64d1-4071-4898-b80f-80f27464f419"]
[debug] [35m[BaseDriver][39m Event 'quitSessionRequested' logged at 1697417011267 (07:43:31 GMT+0700 (Western Indonesia Time))
[35m[Appium][39m Removing session 6d6b64d1-4071-4898-b80f-80f27464f419 from our master session list
[debug] [35m[UiAutomator2][39m Deleting UiAutomator2 session
[debug] [35m[UiAutomator2][39m Deleting UiAutomator2 server session
[debug] [35m[WD Proxy][39m Matched '/' to command name 'deleteSession'
[debug] [35m[WD Proxy][39m Proxying [DELETE /] to [DELETE http://127.0.0.1:64235/wd/hub/session/18a9572d-55f7-48b9-8719-532e01cd938f] with no body
[debug] [35m[WD Proxy][39m Got response with status 200: {"sessionId":"18a9572d-55f7-48b9-8719-532e01cd938f","value":null}
[debug] [35m[ADB][39m Running 'C:\Users\user\.katalon\tools\android_sdk\platform-tools\adb.exe -P 5037 -s 3a6958a2 shell am force-stop com.Advantage.aShopping'
[debug] [35m[Logcat][39m Stopping logcat capture
[debug] [35m[ADB][39m Removing forwarded port socket connection: 64235 
[debug] [35m[ADB][39m Running 'C:\Users\user\.katalon\tools\android_sdk\platform-tools\adb.exe -P 5037 -s 3a6958a2 forward --remove tcp:64235'
[debug] [35m[Instrumentation][39m .
[35m[UiAutomator2][39m Restoring hidden api policy to the device default configuration
[debug] [35m[ADB][39m Running 'C:\Users\user\.katalon\tools\android_sdk\platform-tools\adb.exe -P 5037 -s 3a6958a2 shell 'settings delete global hidden_api_policy_pre_p_apps;settings delete global hidden_api_policy_p_apps;settings delete global hidden_api_policy''
[debug] [35m[Instrumentation][39m Time: 81.187
[debug] [35m[Instrumentation][39m 
[debug] [35m[Instrumentation][39m OK (1 test)
[debug] [35m[BaseDriver][39m Event 'quitSessionFinished' logged at 1697417012438 (07:43:32 GMT+0700 (Western Indonesia Time))
[debug] [35m[W3C (6d6b64d1)][39m Received response: null
[debug] [35m[W3C (6d6b64d1)][39m But deleting session, so not returning
[debug] [35m[W3C (6d6b64d1)][39m Responding to client with driver.deleteSession() result: null
[35m[HTTP][39m [37m<-- DELETE /wd/hub/session/6d6b64d1-4071-4898-b80f-80f27464f419 [39m[32m200[39m [90m1175 ms - 14[39m
[35m[HTTP][39m [90m[39m
